Build started 10/22/2020 9:14:57 AM.
     1>Project "C:\Users\Administrator\Desktop\G&M\Originals\RockClient\ApplicationsA\ROCKCLIENT_OLD2\RockClient.vcxproj" on node 2 (build target(s)).
     1>InitializeBuildStatus:
         Creating ".\Release\RockClient.unsuccessfulbuild" because "AlwaysCreate" was specified.
       ClCompile:
         All outputs are up-to-date.
         All outputs are up-to-date.
       ResourceCompile:
         All outputs are up-to-date.
       ManifestResourceCompile:
         All outputs are up-to-date.
     1>C:\Program Files (x86)\MSBuild\Microsoft.Cpp\v4.0\Microsoft.CppBuild.targets(990,5): warning MSB8012: TargetPath(C:\Users\Administrator\Desktop\G&M\Originals\RockClient\ApplicationsA\ROCKCLIENT_OLD2\.\Release\RockClient.exe) does not match the Linker's OutputFile property value (C:\Users\Administrator\Desktop\G&M\Originals\RockClient\Bin\Client\RockClient.exe). This may cause your project to build incorrectly. To correct this, please make sure that $(OutDir), $(TargetName) and $(TargetExt) property values match the value specified in %(Link.OutputFile).
       Link:
         All outputs are up-to-date.
       Manifest:
         All outputs are up-to-date.
       BscMake:
         All outputs are up-to-date.
       FinalizeBuildStatus:
         Deleting file ".\Release\RockClient.unsuccessfulbuild".
         Touching ".\Release\RockClient.lastbuildstate".
     1>Done Building Project "C:\Users\Administrator\Desktop\G&M\Originals\RockClient\ApplicationsA\ROCKCLIENT_OLD2\RockClient.vcxproj" (build target(s)).

Build succeeded.

Time Elapsed 00:00:00.50
